app/build/intermediates/manifest_merge_blame_file/debug/processDebugMainManifest/manifest-merger-blame-debug-report.txt
1<?xml version="1.0" encoding="utf-8"?>
2<manifest xmlns:android="http://schemas.android.com/apk/res/android"
3    package="com.example.medivault"
4    android:versionCode="1"
5    android:versionName="1.0" >
6
7    <uses-sdk
8        android:minSdkVersion="24"
9        android:targetSdkVersion="34" />
10
11    <uses-feature
11-->src\main\AndroidManifest.xml:4:5-6:36
12        android:name="android.hardware.telephony"
12-->src\main\AndroidManifest.xml:5:9-50
13        android:required="false" />
13-->src\main\AndroidManifest.xml:6:9-33
14
15    <uses-permission android:name="android.permission.INTERNET" />
15-->src\main\AndroidManifest.xml:60:5-66
15-->src\main\AndroidManifest.xml:60:22-64
16    <uses-permission android:name="android.permission.CALL_PHONE" />
16-->src\main\AndroidManifest.xml:61:5-68
16-->src\main\AndroidManifest.xml:61:22-66
17    <uses-permission android:name="android.permission.SEND_SMS" />
17-->src\main\AndroidManifest.xml:62:5-66
17-->src\main\AndroidManifest.xml:62:22-64
18    <uses-permission android:name="android.permission.ACCESS_NETWORK_STATE" />
18-->[com.google.firebase:firebase-auth:22.1.1] AndroidManifest.xml:26:5-79
18-->[com.google.firebase:firebase-auth:22.1.1] AndroidManifest.xml:26:22-76
19    <uses-permission android:name="android.permission.WAKE_LOCK" />
19-->[com.google.android.gms:play-services-measurement:21.3.0] AndroidManifest.xml:25:5-68
19-->[com.google.android.gms:play-services-measurement:21.3.0] AndroidManifest.xml:25:22-65
20    <uses-permission android:name="com.google.android.finsky.permission.BIND_GET_INSTALL_REFERRER_SERVICE" />
20-->[com.google.android.gms:play-services-measurement:21.3.0] AndroidManifest.xml:26:5-110
20-->[com.google.android.gms:play-services-measurement:21.3.0] AndroidManifest.xml:26:22-107
21    <uses-permission android:name="com.google.android.gms.permission.AD_ID" />
21-->[com.google.android.gms:play-services-measurement-api:21.3.0] AndroidManifest.xml:25:5-79
21-->[com.google.android.gms:play-services-measurement-api:21.3.0] AndroidManifest.xml:25:22-76
22    <uses-permission android:name="android.permission.REORDER_TASKS" />
22-->[androidx.test:core:1.7.0] AndroidManifest.xml:24:5-72
22-->[androidx.test:core:1.7.0] AndroidManifest.xml:24:22-69
23    <uses-permission android:name="android.permission.RECEIVE_BOOT_COMPLETED" />
23-->[androidx.work:work-runtime:2.7.1] AndroidManifest.xml:27:5-81
23-->[androidx.work:work-runtime:2.7.1] AndroidManifest.xml:27:22-78
24    <uses-permission android:name="android.permission.FOREGROUND_SERVICE" />
24-->[androidx.work:work-runtime:2.7.1] AndroidManifest.xml:28:5-77
24-->[androidx.work:work-runtime:2.7.1] AndroidManifest.xml:28:22-74
25
26    <permission
26-->[androidx.core:core:1.13.0] AndroidManifest.xml:22:5-24:47
27        android:name="com.example.medivault.DYNAMIC_RECEIVER_NOT_EXPORTED_PERMISSION"
27-->[androidx.core:core:1.13.0] AndroidManifest.xml:23:9-81
28        android:protectionLevel="signature" />
28-->[androidx.core:core:1.13.0] AndroidManifest.xml:24:9-44
29
30    <uses-permission android:name="com.example.medivault.DYNAMIC_RECEIVER_NOT_EXPORTED_PERMISSION" />
30-->[androidx.core:core:1.13.0] AndroidManifest.xml:26:5-97
30-->[androidx.core:core:1.13.0] AndroidManifest.xml:26:22-94
31
32    <application
32-->src\main\AndroidManifest.xml:7:5-58:19
33        android:name="com.example.medivault.MyApp"
33-->src\main\AndroidManifest.xml:13:9-30
34        android:allowBackup="true"
34-->src\main\AndroidManifest.xml:8:9-35
35        android:appComponentFactory="androidx.core.app.CoreComponentFactory"
35-->[androidx.core:core:1.13.0] AndroidManifest.xml:28:18-86
36        android:dataExtractionRules="@xml/data_extraction_rules"
36-->src\main\AndroidManifest.xml:9:9-65
37        android:debuggable="true"
38        android:extractNativeLibs="false"
39        android:fullBackupContent="@xml/backup_rules"
39-->src\main\AndroidManifest.xml:10:9-54
40        android:icon="@drawable/ic_medical_logo"
40-->src\main\AndroidManifest.xml:11:9-49
41        android:label="@string/app_name"
41-->src\main\AndroidManifest.xml:12:9-41
42        android:roundIcon="@drawable/ic_medical_logo"
42-->src\main\AndroidManifest.xml:14:9-54
43        android:supportsRtl="true"
43-->src\main\AndroidManifest.xml:15:9-35
44        android:theme="@style/Theme.Medivault" >
44-->src\main\AndroidManifest.xml:16:9-47
45
46        <!-- FileProvider for opening internal files -->
47        <provider
48            android:name="androidx.core.content.FileProvider"
48-->src\main\AndroidManifest.xml:21:13-62
49            android:authorities="com.example.medivault.provider"
49-->src\main\AndroidManifest.xml:22:13-60
50            android:exported="false"
50-->src\main\AndroidManifest.xml:23:13-37
51            android:grantUriPermissions="true" >
51-->src\main\AndroidManifest.xml:24:13-47
52            <meta-data
52-->src\main\AndroidManifest.xml:25:13-27:54
53                android:name="android.support.FILE_PROVIDER_PATHS"
53-->src\main\AndroidManifest.xml:26:17-67
54                android:resource="@xml/file_paths" />
54-->src\main\AndroidManifest.xml:27:17-51
55        </provider>
56
57        <!-- Splash screen as launcher -->
58        <activity
58-->src\main\AndroidManifest.xml:31:9-39:20
59            android:name="com.example.medivault.SplashActivity"
59-->src\main\AndroidManifest.xml:32:13-43
60            android:exported="true"
60-->src\main\AndroidManifest.xml:33:13-36
61            android:theme="@style/Theme.Medivault" >
61-->src\main\AndroidManifest.xml:34:13-51
62            <intent-filter>
62-->src\main\AndroidManifest.xml:35:13-38:29
63                <action android:name="android.intent.action.MAIN" />
63-->src\main\AndroidManifest.xml:36:17-69
63-->src\main\AndroidManifest.xml:36:25-66
64
65                <category android:name="android.intent.category.LAUNCHER" />
65-->src\main\AndroidManifest.xml:37:17-77
65-->src\main\AndroidManifest.xml:37:27-74
66            </intent-filter>
67        </activity>
68        <activity
68-->src\main\AndroidManifest.xml:41:9-75
69            android:name="com.example.medivault.LoginActivity"
69-->src\main\AndroidManifest.xml:41:19-48
70            android:exported="true" />
70-->src\main\AndroidManifest.xml:41:49-72
71        <activity
71-->src\main\AndroidManifest.xml:42:9-74
72            android:name="com.example.medivault.HomeActivity"
72-->src\main\AndroidManifest.xml:42:19-47
73            android:exported="true" />
73-->src\main\AndroidManifest.xml:42:48-71
74        <activity
74-->src\main\AndroidManifest.xml:43:9-75
75            android:name="com.example.medivault.SignupActivity"
75-->src\main\AndroidManifest.xml:43:19-49
76            android:exported="true" />
76-->src\main\AndroidManifest.xml:43:50-73
77        <activity android:name="com.example.medivault.ProfileActivity" />
77-->src\main\AndroidManifest.xml:44:9-53
77-->src\main\AndroidManifest.xml:44:19-50
78        <activity android:name="com.example.medivault.UploadReportActivity" />
78-->src\main\AndroidManifest.xml:45:9-58
78-->src\main\AndroidManifest.xml:45:19-55
79        <activity android:name="com.example.medivault.MyReportsActivity" />
79-->src\main\AndroidManifest.xml:46:9-55
79-->src\main\AndroidManifest.xml:46:19-52
80        <activity android:name="com.example.medivault.EmergencyActivity" />
80-->src\main\AndroidManifest.xml:47:9-55
80-->src\main\AndroidManifest.xml:47:19-52
81        <activity android:name="com.example.medivault.ViewReportActivity" />
81-->src\main\AndroidManifest.xml:48:9-56
81-->src\main\AndroidManifest.xml:48:19-53
82        <activity android:name="com.example.medivault.AiChatActivity" />
82-->src\main\AndroidManifest.xml:49:9-52
82-->src\main\AndroidManifest.xml:49:19-49
83        <activity android:name="com.example.medivault.DoctorHomeActivity" />
83-->src\main\AndroidManifest.xml:50:9-56
83-->src\main\AndroidManifest.xml:50:19-53
84        <activity
84-->src\main\AndroidManifest.xml:51:9-52:40
85            android:name="com.example.medivault.DoctorInboxActivity"
85-->src\main\AndroidManifest.xml:51:19-54
86            android:exported="false" />
86-->src\main\AndroidManifest.xml:52:13-37
87        <activity
87-->src\main\AndroidManifest.xml:53:9-56:42
88            android:name="com.example.medivault.EmergencyLockActivity"
88-->src\main\AndroidManifest.xml:54:13-50
89            android:showOnLockScreen="true"
89-->src\main\AndroidManifest.xml:55:13-44
90            android:turnScreenOn="true" />
90-->src\main\AndroidManifest.xml:56:13-40
91        <activity
91-->[com.cloudinary:cloudinary-android-ui:2.3.1] AndroidManifest.xml:10:9-13:56
92            android:name="com.cloudinary.android.uploadwidget.ui.UploadWidgetActivity"
92-->[com.cloudinary:cloudinary-android-ui:2.3.1] AndroidManifest.xml:11:13-87
93            android:configChanges="orientation"
93-->[com.cloudinary:cloudinary-android-ui:2.3.1] AndroidManifest.xml:12:13-48
94            android:theme="@style/UploadWidgetTheme" />
94-->[com.cloudinary:cloudinary-android-ui:2.3.1] AndroidManifest.xml:13:13-53
95
96        <provider
96-->[androidx.emoji2:emoji2:1.3.0] AndroidManifest.xml:24:9-32:20
97            android:name="androidx.startup.InitializationProvider"
97-->[androidx.emoji2:emoji2:1.3.0] AndroidManifest.xml:25:13-67
98            android:authorities="com.example.medivault.androidx-startup"
98-->[androidx.emoji2:emoji2:1.3.0] AndroidManifest.xml:26:13-68
99            android:exported="false" >
99-->[androidx.emoji2:emoji2:1.3.0] AndroidManifest.xml:27:13-37
100            <meta-data
100-->[androidx.emoji2:emoji2:1.3.0] AndroidManifest.xml:29:13-31:52
101                android:name="androidx.emoji2.text.EmojiCompatInitializer"
101-->[androidx.emoji2:emoji2:1.3.0] AndroidManifest.xml:30:17-75
102                android:value="androidx.startup" />
102-->[androidx.emoji2:emoji2:1.3.0] AndroidManifest.xml:31:17-49
103            <meta-data
103-->[androidx.work:work-runtime:2.7.1] AndroidManifest.xml:36:13-38:52
104                android:name="androidx.work.WorkManagerInitializer"
104-->[androidx.work:work-runtime:2.7.1] AndroidManifest.xml:37:17-68
105                android:value="androidx.startup" />
105-->[androidx.work:work-runtime:2.7.1] AndroidManifest.xml:38:17-49
106            <meta-data
106-->[androidx.lifecycle:lifecycle-process:2.6.2] AndroidManifest.xml:29:13-31:52
107                android:name="androidx.lifecycle.ProcessLifecycleInitializer"
107-->[androidx.lifecycle:lifecycle-process:2.6.2] AndroidManifest.xml:30:17-78
108                android:value="androidx.startup" />
108-->[androidx.lifecycle:lifecycle-process:2.6.2] AndroidManifest.xml:31:17-49
109            <meta-data
109-->[androidx.profileinstaller:profileinstaller:1.3.1] AndroidManifest.xml:29:13-31:52
110                android:name="androidx.profileinstaller.ProfileInstallerInitializer"
110-->[androidx.profileinstaller:profileinstaller:1.3.1] AndroidManifest.xml:30:17-85
111                android:value="androidx.startup" />
111-->[androidx.profileinstaller:profileinstaller:1.3.1] AndroidManifest.xml:31:17-49
112        </provider>
113
114        <activity
114-->[com.google.firebase:firebase-auth:22.1.1] AndroidManifest.xml:29:9-46:20
115            android:name="com.google.firebase.auth.internal.GenericIdpActivity"
115-->[com.google.firebase:firebase-auth:22.1.1] AndroidManifest.xml:30:13-80
116            android:excludeFromRecents="true"
116-->[com.google.firebase:firebase-auth:22.1.1] AndroidManifest.xml:31:13-46
117            android:exported="true"
117-->[com.google.firebase:firebase-auth:22.1.1] AndroidManifest.xml:32:13-36
118            android:launchMode="singleTask"
118-->[com.google.firebase:firebase-auth:22.1.1] AndroidManifest.xml:33:13-44
119            android:theme="@android:style/Theme.Translucent.NoTitleBar" >
119-->[com.google.firebase:firebase-auth:22.1.1] AndroidManifest.xml:34:13-72
120            <intent-filter>
120-->[com.google.firebase:firebase-auth:22.1.1] AndroidManifest.xml:35:13-45:29
121                <action android:name="android.intent.action.VIEW" />
121-->[com.google.firebase:firebase-auth:22.1.1] AndroidManifest.xml:36:17-69
121-->[com.google.firebase:firebase-auth:22.1.1] AndroidManifest.xml:36:25-66
122
123                <category android:name="android.intent.category.DEFAULT" />
123-->[com.google.firebase:firebase-auth:22.1.1] AndroidManifest.xml:38:17-76
123-->[com.google.firebase:firebase-auth:22.1.1] AndroidManifest.xml:38:27-73
124                <category android:name="android.intent.category.BROWSABLE" />
124-->[com.google.firebase:firebase-auth:22.1.1] AndroidManifest.xml:39:17-78
124-->[com.google.firebase:firebase-auth:22.1.1] AndroidManifest.xml:39:27-75
125
126                <data
126-->[com.google.firebase:firebase-auth:22.1.1] AndroidManifest.xml:41:17-44:51
127                    android:host="firebase.auth"
127-->[com.google.firebase:firebase-auth:22.1.1] AndroidManifest.xml:42:21-49
128                    android:path="/"
128-->[com.google.firebase:firebase-auth:22.1.1] AndroidManifest.xml:43:21-37
129                    android:scheme="genericidp" />
129-->[com.google.firebase:firebase-auth:22.1.1] AndroidManifest.xml:44:21-48
130            </intent-filter>
131        </activity>
132        <activity
132-->[com.google.firebase:firebase-auth:22.1.1] AndroidManifest.xml:47:9-64:20
133            android:name="com.google.firebase.auth.internal.RecaptchaActivity"
133-->[com.google.firebase:firebase-auth:22.1.1] AndroidManifest.xml:48:13-79
134            android:excludeFromRecents="true"
134-->[com.google.firebase:firebase-auth:22.1.1] AndroidManifest.xml:49:13-46
135            android:exported="true"
135-->[com.google.firebase:firebase-auth:22.1.1] AndroidManifest.xml:50:13-36
136            android:launchMode="singleTask"
136-->[com.google.firebase:firebase-auth:22.1.1] AndroidManifest.xml:51:13-44
137            android:theme="@android:style/Theme.Translucent.NoTitleBar" >
137-->[com.google.firebase:firebase-auth:22.1.1] AndroidManifest.xml:52:13-72
138            <intent-filter>
138-->[com.google.firebase:firebase-auth:22.1.1] AndroidManifest.xml:53:13-63:29
139                <action android:name="android.intent.action.VIEW" />
139-->[com.google.firebase:firebase-auth:22.1.1] AndroidManifest.xml:36:17-69
139-->[com.google.firebase:firebase-auth:22.1.1] AndroidManifest.xml:36:25-66
140
141                <category android:name="android.intent.category.DEFAULT" />
141-->[com.google.firebase:firebase-auth:22.1.1] AndroidManifest.xml:38:17-76
141-->[com.google.firebase:firebase-auth:22.1.1] AndroidManifest.xml:38:27-73
142                <category android:name="android.intent.category.BROWSABLE" />
142-->[com.google.firebase:firebase-auth:22.1.1] AndroidManifest.xml:39:17-78
142-->[com.google.firebase:firebase-auth:22.1.1] AndroidManifest.xml:39:27-75
143
144                <data
144-->[com.google.firebase:firebase-auth:22.1.1] AndroidManifest.xml:41:17-44:51
145                    android:host="firebase.auth"
145-->[com.google.firebase:firebase-auth:22.1.1] AndroidManifest.xml:42:21-49
146                    android:path="/"
146-->[com.google.firebase:firebase-auth:22.1.1] AndroidManifest.xml:43:21-37
147                    android:scheme="recaptcha" />
147-->[com.google.firebase:firebase-auth:22.1.1] AndroidManifest.xml:44:21-48
148            </intent-filter>
149        </activity>
150
151        <service
151-->[com.google.firebase:firebase-auth:22.1.1] AndroidManifest.xml:66:9-72:19
152            android:name="com.google.firebase.components.ComponentDiscoveryService"
152-->[com.google.firebase:firebase-auth:22.1.1] AndroidManifest.xml:67:13-84
153            android:directBootAware="true"
153-->[com.google.firebase:firebase-common:20.3.3] AndroidManifest.xml:34:13-43
154            android:exported="false" >
154-->[com.google.firebase:firebase-auth:22.1.1] AndroidManifest.xml:68:13-37
155            <meta-data
155-->[com.google.firebase:firebase-auth:22.1.1] AndroidManifest.xml:69:13-71:85
156                android:name="com.google.firebase.components:com.google.firebase.auth.FirebaseAuthRegistrar"
156-->[com.google.firebase:firebase-auth:22.1.1] AndroidManifest.xml:70:17-109
157                android:value="com.google.firebase.components.ComponentRegistrar" />
157-->[com.google.firebase:firebase-auth:22.1.1] AndroidManifest.xml:71:17-82
158            <meta-data
158-->[com.google.firebase:firebase-firestore:24.7.0] AndroidManifest.xml:19:13-21:85
159                android:name="com.google.firebase.components:com.google.firebase.firestore.FirestoreRegistrar"
159-->[com.google.firebase:firebase-firestore:24.7.0] AndroidManifest.xml:20:17-111
160                android:value="com.google.firebase.components.ComponentRegistrar" />
160-->[com.google.firebase:firebase-firestore:24.7.0] AndroidManifest.xml:21:17-82
161            <meta-data
161-->[com.google.firebase:firebase-database:20.2.2] AndroidManifest.xml:31:13-33:85
162                android:name="com.google.firebase.components:com.google.firebase.database.DatabaseRegistrar"
162-->[com.google.firebase:firebase-database:20.2.2] AndroidManifest.xml:32:17-109
163                android:value="com.google.firebase.components.ComponentRegistrar" />
163-->[com.google.firebase:firebase-database:20.2.2] AndroidManifest.xml:33:17-82
164            <meta-data
164-->[com.google.android.gms:play-services-measurement-api:21.3.0] AndroidManifest.xml:31:13-33:85
165                android:name="com.google.firebase.components:com.google.firebase.analytics.connector.internal.AnalyticsConnectorRegistrar"
165-->[com.google.android.gms:play-services-measurement-api:21.3.0] AndroidManifest.xml:32:17-139
166                android:value="com.google.firebase.components.ComponentRegistrar" />
166-->[com.google.android.gms:play-services-measurement-api:21.3.0] AndroidManifest.xml:33:17-82
167            <meta-data
167-->[com.google.firebase:firebase-storage:20.2.1] AndroidManifest.xml:32:13-34:85
168                android:name="com.google.firebase.components:com.google.firebase.storage.StorageRegistrar"
168-->[com.google.firebase:firebase-storage:20.2.1] AndroidManifest.xml:33:17-107
169                android:value="com.google.firebase.components.ComponentRegistrar" />
169-->[com.google.firebase:firebase-storage:20.2.1] AndroidManifest.xml:34:17-82
170            <meta-data
170-->[com.google.firebase:firebase-installations:17.1.4] AndroidManifest.xml:15:13-17:85
171                android:name="com.google.firebase.components:com.google.firebase.installations.FirebaseInstallationsRegistrar"
171-->[com.google.firebase:firebase-installations:17.1.4] AndroidManifest.xml:16:17-127
172                android:value="com.google.firebase.components.ComponentRegistrar" />
172-->[com.google.firebase:firebase-installations:17.1.4] AndroidManifest.xml:17:17-82
173        </service>
174
175        <receiver
175-->[com.google.android.gms:play-services-measurement:21.3.0] AndroidManifest.xml:29:9-33:20
176            android:name="com.google.android.gms.measurement.AppMeasurementReceiver"
176-->[com.google.android.gms:play-services-measurement:21.3.0] AndroidManifest.xml:30:13-85
177            android:enabled="true"
177-->[com.google.android.gms:play-services-measurement:21.3.0] AndroidManifest.xml:31:13-35
178            android:exported="false" >
178-->[com.google.android.gms:play-services-measurement:21.3.0] AndroidManifest.xml:32:13-37
179        </receiver>
180
181        <service
181-->[com.google.android.gms:play-services-measurement:21.3.0] AndroidManifest.xml:35:9-38:40
182            android:name="com.google.android.gms.measurement.AppMeasurementService"
182-->[com.google.android.gms:play-services-measurement:21.3.0] AndroidManifest.xml:36:13-84
183            android:enabled="true"
183-->[com.google.android.gms:play-services-measurement:21.3.0] AndroidManifest.xml:37:13-35
184            android:exported="false" />
184-->[com.google.android.gms:play-services-measurement:21.3.0] AndroidManifest.xml:38:13-37
185        <service
185-->[com.google.android.gms:play-services-measurement:21.3.0] AndroidManifest.xml:39:9-43:72
186            android:name="com.google.android.gms.measurement.AppMeasurementJobService"
186-->[com.google.android.gms:play-services-measurement:21.3.0] AndroidManifest.xml:40:13-87
187            android:enabled="true"
187-->[com.google.android.gms:play-services-measurement:21.3.0] AndroidManifest.xml:41:13-35
188            android:exported="false"
188-->[com.google.android.gms:play-services-measurement:21.3.0] AndroidManifest.xml:42:13-37
189            android:permission="android.permission.BIND_JOB_SERVICE" />
189-->[com.google.android.gms:play-services-measurement:21.3.0] AndroidManifest.xml:43:13-69
190
191        <provider
191-->[com.google.firebase:firebase-common:20.3.3] AndroidManifest.xml:25:9-30:39
192            android:name="com.google.firebase.provider.FirebaseInitProvider"
192-->[com.google.firebase:firebase-common:20.3.3] AndroidManifest.xml:26:13-77
193            android:authorities="com.example.medivault.firebaseinitprovider"
193-->[com.google.firebase:firebase-common:20.3.3] AndroidManifest.xml:27:13-72
194            android:directBootAware="true"
194-->[com.google.firebase:firebase-common:20.3.3] AndroidManifest.xml:28:13-43
195            android:exported="false"
195-->[com.google.firebase:firebase-common:20.3.3] AndroidManifest.xml:29:13-37
196            android:initOrder="100" />
196-->[com.google.firebase:firebase-common:20.3.3] AndroidManifest.xml:30:13-36
197
198        <activity
198-->[com.google.android.gms:play-services-base:18.1.0] AndroidManifest.xml:20:9-22:45
199            android:name="com.google.android.gms.common.api.GoogleApiActivity"
199-->[com.google.android.gms:play-services-base:18.1.0] AndroidManifest.xml:20:19-85
200            android:exported="false"
200-->[com.google.android.gms:play-services-base:18.1.0] AndroidManifest.xml:22:19-43
201            android:theme="@android:style/Theme.Translucent.NoTitleBar" />
201-->[com.google.android.gms:play-services-base:18.1.0] AndroidManifest.xml:21:19-78
202        <activity
202-->[androidx.test:core:1.7.0] AndroidManifest.xml:27:9-34:20
203            android:name="androidx.test.core.app.InstrumentationActivityInvoker$BootstrapActivity"
203-->[androidx.test:core:1.7.0] AndroidManifest.xml:28:13-99
204            android:exported="true"
204-->[androidx.test:core:1.7.0] AndroidManifest.xml:29:13-36
205            android:theme="@style/WhiteBackgroundTheme" >
205-->[androidx.test:core:1.7.0] AndroidManifest.xml:30:13-56
206            <intent-filter android:priority="-100" >
206-->[androidx.test:core:1.7.0] AndroidManifest.xml:31:13-33:29
206-->[androidx.test:core:1.7.0] AndroidManifest.xml:31:28-51
207                <category android:name="android.intent.category.LAUNCHER" />
207-->src\main\AndroidManifest.xml:37:17-77
207-->src\main\AndroidManifest.xml:37:27-74
208            </intent-filter>
209        </activity>
210        <activity
210-->[androidx.test:core:1.7.0] AndroidManifest.xml:35:9-42:20
211            android:name="androidx.test.core.app.InstrumentationActivityInvoker$EmptyActivity"
211-->[androidx.test:core:1.7.0] AndroidManifest.xml:36:13-95
212            android:exported="true"
212-->[androidx.test:core:1.7.0] AndroidManifest.xml:37:13-36
213            android:theme="@style/WhiteBackgroundTheme" >
213-->[androidx.test:core:1.7.0] AndroidManifest.xml:38:13-56
214            <intent-filter android:priority="-100" >
214-->[androidx.test:core:1.7.0] AndroidManifest.xml:31:13-33:29
214-->[androidx.test:core:1.7.0] AndroidManifest.xml:31:28-51
215                <category android:name="android.intent.category.LAUNCHER" />
215-->src\main\AndroidManifest.xml:37:17-77
215-->src\main\AndroidManifest.xml:37:27-74
216            </intent-filter>
217        </activity>
218        <activity
218-->[androidx.test:core:1.7.0] AndroidManifest.xml:43:9-50:20
219            android:name="androidx.test.core.app.InstrumentationActivityInvoker$EmptyFloatingActivity"
219-->[androidx.test:core:1.7.0] AndroidManifest.xml:44:13-103
220            android:exported="true"
220-->[androidx.test:core:1.7.0] AndroidManifest.xml:45:13-36
221            android:theme="@style/WhiteBackgroundDialogTheme" >
221-->[androidx.test:core:1.7.0] AndroidManifest.xml:46:13-62
222            <intent-filter android:priority="-100" >
222-->[androidx.test:core:1.7.0] AndroidManifest.xml:31:13-33:29
222-->[androidx.test:core:1.7.0] AndroidManifest.xml:31:28-51
223                <category android:name="android.intent.category.LAUNCHER" />
223-->src\main\AndroidManifest.xml:37:17-77
223-->src\main\AndroidManifest.xml:37:27-74
224            </intent-filter>
225        </activity>
226
227        <service
227-->[androidx.work:work-runtime:2.7.1] AndroidManifest.xml:41:9-46:35
228            android:name="androidx.work.impl.background.systemalarm.SystemAlarmService"
228-->[androidx.work:work-runtime:2.7.1] AndroidManifest.xml:42:13-88
229            android:directBootAware="false"
229-->[androidx.work:work-runtime:2.7.1] AndroidManifest.xml:43:13-44
230            android:enabled="@bool/enable_system_alarm_service_default"
230-->[androidx.work:work-runtime:2.7.1] AndroidManifest.xml:44:13-72
231            android:exported="false" />
231-->[androidx.work:work-runtime:2.7.1] AndroidManifest.xml:45:13-37
232        <service
232-->[androidx.work:work-runtime:2.7.1] AndroidManifest.xml:47:9-53:35
233            android:name="androidx.work.impl.background.systemjob.SystemJobService"
233-->[androidx.work:work-runtime:2.7.1] AndroidManifest.xml:48:13-84
234            android:directBootAware="false"
234-->[androidx.work:work-runtime:2.7.1] AndroidManifest.xml:49:13-44
235            android:enabled="@bool/enable_system_job_service_default"
235-->[androidx.work:work-runtime:2.7.1] AndroidManifest.xml:50:13-70
236            android:exported="true"
236-->[androidx.work:work-runtime:2.7.1] AndroidManifest.xml:51:13-36
237            android:permission="android.permission.BIND_JOB_SERVICE" />
237-->[androidx.work:work-runtime:2.7.1] AndroidManifest.xml:52:13-69
238        <service
238-->[androidx.work:work-runtime:2.7.1] AndroidManifest.xml:54:9-59:35
239            android:name="androidx.work.impl.foreground.SystemForegroundService"
239-->[androidx.work:work-runtime:2.7.1] AndroidManifest.xml:55:13-81
240            android:directBootAware="false"
240-->[androidx.work:work-runtime:2.7.1] AndroidManifest.xml:56:13-44
241            android:enabled="@bool/enable_system_foreground_service_default"
241-->[androidx.work:work-runtime:2.7.1] AndroidManifest.xml:57:13-77
242            android:exported="false" />
242-->[androidx.work:work-runtime:2.7.1] AndroidManifest.xml:58:13-37
243
244        <receiver
244-->[androidx.work:work-runtime:2.7.1] AndroidManifest.xml:61:9-66:35
245            android:name="androidx.work.impl.utils.ForceStopRunnable$BroadcastReceiver"
245-->[androidx.work:work-runtime:2.7.1] AndroidManifest.xml:62:13-88
246            android:directBootAware="false"
246-->[androidx.work:work-runtime:2.7.1] AndroidManifest.xml:63:13-44
247            android:enabled="true"
247-->[androidx.work:work-runtime:2.7.1] AndroidManifest.xml:64:13-35
248            android:exported="false" />
248-->[androidx.work:work-runtime:2.7.1] AndroidManifest.xml:65:13-37
249        <receiver
249-->[androidx.work:work-runtime:2.7.1] AndroidManifest.xml:67:9-77:20
250            android:name="androidx.work.impl.background.systemalarm.ConstraintProxy$BatteryChargingProxy"
250-->[androidx.work:work-runtime:2.7.1] AndroidManifest.xml:68:13-106
251            android:directBootAware="false"
251-->[androidx.work:work-runtime:2.7.1] AndroidManifest.xml:69:13-44
252            android:enabled="false"
252-->[androidx.work:work-runtime:2.7.1] AndroidManifest.xml:70:13-36
253            android:exported="false" >
253-->[androidx.work:work-runtime:2.7.1] AndroidManifest.xml:71:13-37
254            <intent-filter>
254-->[androidx.work:work-runtime:2.7.1] AndroidManifest.xml:73:13-76:29
255                <action android:name="android.intent.action.ACTION_POWER_CONNECTED" />
255-->[androidx.work:work-runtime:2.7.1] AndroidManifest.xml:74:17-87
255-->[androidx.work:work-runtime:2.7.1] AndroidManifest.xml:74:25-84
256                <action android:name="android.intent.action.ACTION_POWER_DISCONNECTED" />
256-->[androidx.work:work-runtime:2.7.1] AndroidManifest.xml:75:17-90
256-->[androidx.work:work-runtime:2.7.1] AndroidManifest.xml:75:25-87
257            </intent-filter>
258        </receiver>
259        <receiver
259-->[androidx.work:work-runtime:2.7.1] AndroidManifest.xml:78:9-88:20
260            android:name="androidx.work.impl.background.systemalarm.ConstraintProxy$BatteryNotLowProxy"
260-->[androidx.work:work-runtime:2.7.1] AndroidManifest.xml:79:13-104
261            android:directBootAware="false"
261-->[androidx.work:work-runtime:2.7.1] AndroidManifest.xml:80:13-44
262            android:enabled="false"
262-->[androidx.work:work-runtime:2.7.1] AndroidManifest.xml:81:13-36
263            android:exported="false" >
263-->[androidx.work:work-runtime:2.7.1] AndroidManifest.xml:82:13-37
264            <intent-filter>
264-->[androidx.work:work-runtime:2.7.1] AndroidManifest.xml:84:13-87:29
265                <action android:name="android.intent.action.BATTERY_OKAY" />
265-->[androidx.work:work-runtime:2.7.1] AndroidManifest.xml:85:17-77
265-->[androidx.work:work-runtime:2.7.1] AndroidManifest.xml:85:25-74
266                <action android:name="android.intent.action.BATTERY_LOW" />
266-->[androidx.work:work-runtime:2.7.1] AndroidManifest.xml:86:17-76
266-->[androidx.work:work-runtime:2.7.1] AndroidManifest.xml:86:25-73
267            </intent-filter>
268        </receiver>
269        <receiver
269-->[androidx.work:work-runtime:2.7.1] AndroidManifest.xml:89:9-99:20